coil_2000-85
bin: 15
lmnn1:
not converge
tp + fn:  176 : 2947
tp + fp:  1100 : 2947
tp:  122 : 2947
recall:  0.6931818181818182
precision:  0.11090909090909092
f1_score:  0.19122257053291536
AUC:  0.6701203208556149
**********
lmnn2:
tp + fn:  176 : 2947
tp + fp:  1029 : 2947
tp:  113 : 2947
recall:  0.6420454545454546
precision:  0.1098153547133139
f1_score:  0.187551867219917
AUC:  0.6557394360421246
**********
lmnn:
tp + fn:  176 : 2947
tp + fp:  22 : 2947
tp:  4 : 2947
recall:  0.022727272727272728
precision:  0.18181818181818182
f1_score:  0.0404040404040404
AUC:  0.5081157114267905
**********
self-paced:
tp + fn:  176 : 2947
tp + fp:  1430 : 2947
tp:  138 : 2947
recall:  0.7840909090909091
precision:  0.0965034965034965
f1_score:  0.1718555417185554
AUC:  0.6589166201896264
**********
DDAE:
tp + fn:  176 : 2947
tp + fp:  1483 : 2947
tp:  129 : 2947
recall:  0.7329545454545454
precision:  0.08698583951449763
f1_score:  0.1555153707052441
AUC:  0.622161141366753
**********
RP:
tp + fn:  176 : 2947
tp + fp:  1211 : 2947
tp:  123 : 2947
recall:  0.6988636363636364
precision:  0.10156895127993394
f1_score:  0.17736121124729634
AUC:  0.6531127997769102
**********
xgb:
[13:34:58] WARNING: xgboost/src/learner.cc:1095: Starting in XGBoost 1.3.0, the default evaluation metric used with the objective 'binary:logistic' was changed from 'error' to 'logloss'. Explicitly set eval_metric if you'd like to restore the old behavior.
tp + fn:  176 : 2947
tp + fp:  47 : 2947
tp:  12 : 2947
recall:  0.06818181818181818
precision:  0.2553191489361702
f1_score:  0.10762331838565022
AUC:  0.5277754994914864
