sick_euthyroid-42
bin: 8
lmnn1:
not converge
tp + fn:  88 : 949
tp + fp:  172 : 949
tp:  70 : 949
recall:  0.7954545454545454
precision:  0.4069767441860465
f1_score:  0.5384615384615384
AUC:  0.8384938232499207
**********
lmnn2:
tp + fn:  88 : 949
tp + fp:  166 : 949
tp:  79 : 949
recall:  0.8977272727272727
precision:  0.4759036144578313
f1_score:  0.6220472440944882
AUC:  0.8983409882800126
**********
lmnn:
tp + fn:  88 : 949
tp + fp:  49 : 949
tp:  38 : 949
recall:  0.4318181818181818
precision:  0.7755102040816326
f1_score:  0.5547445255474452
AUC:  0.7095211698870235
**********
self-paced:
tp + fn:  88 : 949
tp + fp:  202 : 949
tp:  71 : 949
recall:  0.8068181818181818
precision:  0.35148514851485146
f1_score:  0.4896551724137931
AUC:  0.8273347587371978
**********
DDAE:
tp + fn:  88 : 949
tp + fp:  172 : 949
tp:  72 : 949
recall:  0.8181818181818182
precision:  0.4186046511627907
f1_score:  0.5538461538461539
AUC:  0.8510188997993877
**********
RP:
tp + fn:  88 : 949
tp + fp:  119 : 949
tp:  84 : 949
recall:  0.9545454545454546
precision:  0.7058823529411765
f1_score:  0.8115942028985507
AUC:  0.9569475240206948
**********
xgb:
[11:13:16] WARNING: xgboost/src/learner.cc:1095: Starting in XGBoost 1.3.0, the default evaluation metric used with the objective 'binary:logistic' was changed from 'error' to 'logloss'. Explicitly set eval_metric if you'd like to restore the old behavior.
tp + fn:  88 : 949
tp + fp:  80 : 949
tp:  71 : 949
recall:  0.8068181818181818
precision:  0.8875
f1_score:  0.8452380952380951
AUC:  0.8981826100728539
