SpamBase
bin: 61
lmnn1:
not converge
tp + fn:  17 : 854
tp + fp:  68 : 854
tp:  15 : 854
recall:  0.8823529411764706
precision:  0.22058823529411764
f1_score:  0.3529411764705882
AUC:  0.9095157776372197
**********
lmnn2:
tp + fn:  17 : 854
tp + fp:  226 : 854
tp:  12 : 854
recall:  0.7058823529411765
precision:  0.05309734513274336
f1_score:  0.09876543209876543
AUC:  0.7251036615362992
**********
lmnn:
tp + fn:  17 : 854
tp + fp:  6 : 854
tp:  3 : 854
recall:  0.17647058823529413
precision:  0.5
f1_score:  0.2608695652173913
AUC:  0.5864431794223066
**********
self-paced:
tp + fn:  17 : 854
tp + fp:  150 : 854
tp:  15 : 854
recall:  0.8823529411764706
precision:  0.1
f1_score:  0.17964071856287428
AUC:  0.8605313092979128
**********
DDAE:
tp + fn:  17 : 854
tp + fp:  49 : 854
tp:  12 : 854
recall:  0.7058823529411765
precision:  0.24489795918367346
f1_score:  0.36363636363636365
AUC:  0.8308384285613888
**********
RP:
tp + fn:  17 : 854
tp + fp:  91 : 854
tp:  16 : 854
recall:  0.9411764705882353
precision:  0.17582417582417584
f1_score:  0.29629629629629634
AUC:  0.9257853679106052
**********
xgb:
[11:03:28] WARNING: xgboost/src/learner.cc:1095: Starting in XGBoost 1.3.0, the default evaluation metric used with the objective 'binary:logistic' was changed from 'error' to 'logloss'. Explicitly set eval_metric if you'd like to restore the old behavior.
tp + fn:  17 : 854
tp + fp:  11 : 854
tp:  9 : 854
recall:  0.5294117647058824
precision:  0.8181818181818182
f1_score:  0.6428571428571428
AUC:  0.7635111392227141
