wine_quality
bin: 31
lmnn1:
not converge
tp + fn:  55 : 1470
tp + fp:  418 : 1470
tp:  38 : 1470
recall:  0.6909090909090909
precision:  0.09090909090909091
f1_score:  0.16067653276955604
AUC:  0.7111789270799872
**********
lmnn2:
tp + fn:  55 : 1470
tp + fp:  385 : 1470
tp:  38 : 1470
recall:  0.6909090909090909
precision:  0.0987012987012987
f1_score:  0.17272727272727273
AUC:  0.7228397044651461
**********
lmnn:
tp + fn:  55 : 1470
tp + fp:  14 : 1470
tp:  9 : 1470
recall:  0.16363636363636364
precision:  0.6428571428571429
f1_score:  0.2608695652173913
AUC:  0.580051397365885
**********
self-paced:
tp + fn:  55 : 1470
tp + fp:  371 : 1470
tp:  39 : 1470
recall:  0.7090909090909091
precision:  0.10512129380053908
f1_score:  0.18309859154929575
AUC:  0.7372309669129457
**********
DDAE:
tp + fn:  55 : 1470
tp + fp:  494 : 1470
tp:  39 : 1470
recall:  0.7090909090909091
precision:  0.07894736842105263
f1_score:  0.14207650273224043
AUC:  0.6937680693864439
**********
RP:
tp + fn:  55 : 1470
tp + fp:  329 : 1470
tp:  39 : 1470
recall:  0.7090909090909091
precision:  0.11854103343465046
f1_score:  0.203125
AUC:  0.752071956312239
**********
xgb:
[12:41:46] WARNING: xgboost/src/learner.cc:1095: Starting in XGBoost 1.3.0, the default evaluation metric used with the objective 'binary:logistic' was changed from 'error' to 'logloss'. Explicitly set eval_metric if you'd like to restore the old behavior.
tp + fn:  55 : 1470
tp + fp:  20 : 1470
tp:  11 : 1470
recall:  0.2
precision:  0.55
f1_score:  0.2933333333333334
AUC:  0.5968197879858658
